*** ENVIRONMENT CRASH ***

Date: Jun 13 2014 2:11 PM

File Name: \\SS16\S232 Classes$\ICS4U Programming\ICS4U Programming\Ready to Program\ready.exe
Version: 1.7.1  [11]
File Size: 2908199
File Date: Oct 7 2003 4:57 PM
Operating System: After Windows XP
JVM: Ready Built-in JRE (1.4.2 or later)
"assert" Statements: disabled


Cause of Crash: In Page Error

Previous Operations:
    Text - sz:3302:149868 - slFr:202:58:11001 - slTo:202:58:11001 - nlA:0
    Line Starts: 3299:149850 3300:149860 3301:149866 3302:149868
    Keystroke (2) - sz:3302:149869 - slFr:11002 - slTo:11002 - nlA:0
    Line Starts: 3299:149851 3300:149861 3301:149867 3302:149869
  CMD: WM_LBUTTONDOWN (D)
    Set Selection (1) - Text: 1597258 - L: 213 - C: 21
    Text - sz:3302:149869 - slFr:202:59:11002 - slTo:202:59:11002 - nlA:0
    Line Starts: 3299:149851 3300:149861 3301:149867 3302:149869
    Set Selection (2) - sz:3302:149869 - slFr:11519 - slTo:11519 - nlA:0
    Line Starts: 3299:149851 3300:149861 3301:149867 3302:149869
    Extend Selection - Text: 1597258 - L: 213 - C: 21 (x1)
    Text - sz:3302:149869 - slFr:213:0:11519 - slTo:213:0:11519 - nlA:0
    Line Starts: 3299:149851 3300:149861 3301:149867 3302:149869
  CMD: WM_LBUTTONUP (D)
    Extend Selection - Text: 1597258 - L: 213 - C: 21 (x1)
    Text - sz:3302:149869 - slFr:11519 - slTo:11519 - nlA:0
    Line Starts: 3299:149851 3300:149861 3301:149867 3302:149869
  CMD: WM_CHAR [#9] (D)
    Keystroke - Text: 1597258 - ch: 9
    Text - sz:3302:149869 - slFr:11519 - slTo:11519 - nlA:0
    Line Starts: 3299:149851 3300:149861 3301:149867 3302:149869
    Keystroke (2) - sz:3302:149873 - slFr:11523 - slTo:11523 - nlA:0
    Line Starts: 3299:149855 3300:149865 3301:149871 3302:149873
  CMD: WM_CHAR [#9] (D)
    Keystroke - Text: 1597258 - ch: 9
    Text - sz:3302:149873 - slFr:213:4:11523 - slTo:213:4:11523 - nlA:0
    Line Starts: 3299:149855 3300:149865 3301:149871 3302:149873
    Keystroke (2) - sz:3302:149877 - slFr:11527 - slTo:11527 - nlA:0
    Line Starts: 3299:149859 3300:149869 3301:149875 3302:149877
  CMD: WM_CHAR [#9] (D)
    Keystroke - Text: 1597258 - ch: 9
    Text - sz:3302:149877 - slFr:213:8:11527 - slTo:213:8:11527 - nlA:0
    Line Starts: 3299:149859 3300:149869 3301:149875 3302:149877
    Keystroke (2) - sz:3302:149881 - slFr:11531 - slTo:11531 - nlA:0
    Line Starts: 3299:149863 3300:149873 3301:149879 3302:149881
  CMD: WM_CHAR [#13] (D)
    Keystroke - Text: 1597258 - ch: 13
    Text - sz:3302:149881 - slFr:213:12:11531 - slTo:213:12:11531 - nlA:0
    Line Starts: 3299:149863 3300:149873 3301:149879 3302:149881
    Keystroke (2) - sz:3303:149894 - slFr:11544 - slTo:11544 - nlA:0
    Line Starts: 3300:149876 3301:149886 3302:149892 3303:149894
  CMD: WM_CHAR [i] (D) (x34) [//Sets the text for the all the pi]
    Keystroke - Text: 1597258 - ch: 105
    Text - sz:3303:149927 - slFr:214:45:11577 - slTo:214:45:11577 - nlA:0
    Line Starts: 3300:149909 3301:149919 3302:149925 3303:149927
    Keystroke (2) - sz:3303:149928 - slFr:11578 - slTo:11578 - nlA:0
    Line Starts: 3300:149910 3301:149920 3302:149926 3303:149928
  CMD: WM_CHAR [#8] (D)
    Keystroke - Text: 1597258 - ch: 8
    Text - sz:3303:149928 - slFr:214:46:11578 - slTo:214:46:11578 - nlA:0
    Line Starts: 3300:149910 3301:149920 3302:149926 3303:149928
    Keystroke (2) - sz:3303:149927 - slFr:11577 - slTo:11577 - nlA:0
    Line Starts: 3300:149909 3301:149919 3302:149925 3303:149927
  CMD: WM_CHAR [t] (D) (x20) [ieces in the whtie t]
    Keystroke - Text: 1597258 - ch: 116
    Text - sz:3303:149946 - slFr:214:64:11596 - slTo:214:64:11596 - nlA:0
    Line Starts: 3300:149928 3301:149938 3302:149944 3303:149946
    Keystroke (2) - sz:3303:149947 - slFr:11597 - slTo:11597 - nlA:0
    Line Starts: 3300:149929 3301:149939 3302:149945 3303:149947
  CMD: WM_CHAR [#8] (D)
    Keystroke - Text: 1597258 - ch: 8
    Text - sz:3303:149947 - slFr:214:65:11597 - slTo:214:65:11597 - nlA:0
    Line Starts: 3300:149929 3301:149939 3302:149945 3303:149947
    Keystroke (2) - sz:3303:149946 - slFr:11596 - slTo:11596 - nlA:0
    Line Starts: 3300:149928 3301:149938 3302:149944 3303:149946
  CMD: WM_CHAR [#8] (D)
    Keystroke - Text: 1597258 - ch: 8
    Text - sz:3303:149946 - slFr:214:64:11596 - slTo:214:64:11596 - nlA:0
    Line Starts: 3300:149928 3301:149938 3302:149944 3303:149946
    Keystroke (2) - sz:3303:149945 - slFr:11595 - slTo:11595 - nlA:0
    Line Starts: 3300:149927 3301:149937 3302:149943 3303:149945
  CMD: WM_CHAR [#8] (D)
    Keystroke - Text: 1597258 - ch: 8
    Text - sz:3303:149945 - slFr:214:63:11595 - slTo:214:63:11595 - nlA:0
    Line Starts: 3300:149927 3301:149937 3302:149943 3303:149945
    Keystroke (2) - sz:3303:149944 - slFr:11594 - slTo:11594 - nlA:0
    Line Starts: 3300:149926 3301:149936 3302:149942 3303:149944
  CMD: WM_CHAR [#8] (D)
    Keystroke - Text: 1597258 - ch: 8
    Text - sz:3303:149944 - slFr:214:62:11594 - slTo:214:62:11594 - nlA:0
    Line Starts: 3300:149926 3301:149936 3302:149942 3303:149944
    Keystroke (2) - sz:3303:149943 - slFr:11593 - slTo:11593 - nlA:0
    Line Starts: 3300:149925 3301:149935 3302:149941 3303:149943
  CMD: WM_CHAR [#8] (D)
    Keystroke - Text: 1597258 - ch: 8
    Text - sz:3303:149943 - slFr:214:61:11593 - slTo:214:61:11593 - nlA:0
    Line Starts: 3300:149925 3301:149935 3302:149941 3303:149943
    Keystroke (2) - sz:3303:149942 - slFr:11592 - slTo:11592 - nlA:0
    Line Starts: 3300:149924 3301:149934 3302:149940 3303:149942
  CMD: WM_CHAR [s] (D) (x26) [ite teams except the pawns]
    Keystroke - Text: 1597258 - ch: 115
    Text - sz:3303:149967 - slFr:214:85:11617 - slTo:214:85:11617 - nlA:0
    Line Starts: 3300:149949 3301:149959 3302:149965 3303:149967
    Keystroke (2) - sz:3303:149968 - slFr:11618 - slTo:11618 - nlA:0
    Line Starts: 3300:149950 3301:149960 3302:149966 3303:149968
  CMD: WM_LBUTTONDOWN (D)
    Set Selection (1) - Text: 1597258 - L: 261 - C: 25
    Text - sz:3303:149968 - slFr:214:86:11618 - slTo:214:86:11618 - nlA:0
    Line Starts: 3300:149950 3301:149960 3302:149966 3303:149968
    Set Selection (2) - sz:3303:149968 - slFr:14711 - slTo:14711 - nlA:0
    Line Starts: 3300:149950 3301:149960 3302:149966 3303:149968
  CMD: WM_LBUTTONUP (D)
    Extend Selection - Text: 1597258 - L: 261 - C: 25 (x1)
    Text - sz:3303:149968 - slFr:261:0:14711 - slTo:261:0:14711 - nlA:0
    Line Starts: 3300:149950 3301:149960 3302:149966 3303:149968
  CMD: WM_LBUTTONDOWN (D)
    Set Selection (1) - Text: 1597258 - L: 1922 - C: 23
    Text - sz:3303:149968 - slFr:261:0:14711 - slTo:261:0:14711 - nlA:0
    Line Starts: 3300:149950 3301:149960 3302:149966 3303:149968
    Set Selection (2) - sz:3303:149968 - slFr:84193 - slTo:84193 - nlA:0
    Line Starts: 3300:149950 3301:149960 3302:149966 3303:149968
  CMD: WM_LBUTTONUP (D)
    Extend Selection - Text: 1597258 - L: 1922 - C: 23 (x1)
    Text - sz:3303:149968 - slFr:1922:9:84193 - slTo:1922:9:84193 - nlA:0
    Line Starts: 3300:149950 3301:149960 3302:149966 3303:149968
  CMD: WM_LBUTTONDOWN (D)
    Set Selection (1) - Text: 1597258 - L: 1920 - C: 23
    Text - sz:3303:149968 - slFr:84193 - slTo:84193 - nlA:0
    Line Starts: 3300:149950 3301:149960 3302:149966 3303:149968
    Set Selection (2) - sz:3303:149968 - slFr:84145 - slTo:84145 - nlA:0
    Line Starts: 3300:149950 3301:149960 3302:149966 3303:149968
    Extend Selection - Text: 1597258 - L: 1920 - C: 23 (x4)
    Text - sz:3303:149968 - slFr:84145 - slTo:84145 - nlA:0
    Line Starts: 3300:149950 3301:149960 3302:149966 3303:149968
  CMD: WM_LBUTTONUP (D)
    Extend Selection - Text: 1597258 - L: 1920 - C: 23 (x1)
    Text - sz:3303:149968 - slFr:84145 - slTo:84145 - nlA:0
    Line Starts: 3300:149950 3301:149960 3302:149966 3303:149968
  CMD: WM_LBUTTONDOWN (D)
    Set Selection (1) - Text: 1597258 - L: 1921 - C: 24
    Text - sz:3303:149968 - slFr:84145 - slTo:84145 - nlA:0
    Line Starts: 3300:149950 3301:149960 3302:149966 3303:149968
    Set Selection (2) - sz:3303:149968 - slFr:84170 - slTo:84170 - nlA:0
    Line Starts: 3300:149950 3301:149960 3302:149966 3303:149968
    Extend Selection - Text: 1597258 - L: 1921 - C: 26 (x17)
    Text - sz:3303:149968 - slFr:84170 - slTo:84172 - nlA:0
    Line Starts: 3300:149950 3301:149960 3302:149966 3303:149968
  CMD: WM_LBUTTONUP (D)
    Extend Selection - Text: 1597258 - L: 1921 - C: 26 (x1)
    Text - sz:3303:149968 - slFr:84170 - slTo:84172 - nlA:0
    Line Starts: 3300:149950 3301:149960 3302:149966 3303:149968
  CMD: WM_SETFOCUS (W)
  CMD: COMMAND_SAVE_FILE
    Save File (1) - Window: 603a6 - SaveAs: 0 - Sel: 0 - fileno: 0 - sizeptr: 0
    Save File (2) - name: U:\Profile\Desktop\Final Chess\Chess\Chess.java - fileno: 0 - sizeptr: 0
  CMD: WM_ACTIVATE (W)
  CMD: WM_ACTIVATE (W)
  CMD: WM_SETFOCUS (W)
  CMD: COMMAND_RUN
    Run (1) - Window: 10370 - Ex: 1 - Args: 0 - Step: 0


Registers
  EAX=06844EA0  EBX=00000000  ECX=09254373  EDX=06844EA0  ESI=0012A5DC
  EDI=0012A4C0  EBP=0012A428  ESP=0012A424  EIP=0051F174  FLG=00010206
  CS=001B  DS=0023  SS=0023  ES=0023  FS=003B  GS=0000

Not enough space for modules.

------------------------------------------------------
